<?xml version="1.0" encoding="UTF-8"?>
<testsuite xmlns:xsi="http://www.w3.org/2001/XMLSchema-instance" xsi:noNamespaceSchemaLocation="https://maven.apache.org/surefire/maven-surefire-plugin/xsd/surefire-test-report.xsd" name="CreateUserTest" time="10.206" tests="5" errors="0" skipped="0" failures="0">
  <properties>
[...]
</properties>
  <testcase name="createUserWithoutEmailTest" classname="CreateUserTest" time="2.219"/>
  <testcase name="createUniqueUserAndCheckBodyTest" classname="CreateUserTest" time="1.582"/>
  <testcase name="createRegisteredUserAndCheckBodyTest" classname="CreateUserTest" time="2.189"/>
  <testcase name="createUserWithoutNameTest" classname="CreateUserTest" time="2.086"/>
  <testcase name="createUserWithoutPasswordTest" classname="CreateUserTest" time="2.126"/>
</testsuite>